# JRE version: OpenJDK Runtime Environment (11.0.13) (build 11.0.13+0-b1751.21-8125866)
# Java VM: OpenJDK 64-Bit Server VM (11.0.13+0-b1751.21-8125866, mixed mode, tiered, compressed oops, g1 gc, windows-amd64)
Heap:
 garbage-first heap   total 172032K, used 115875K [0x0000000080000000, 0x0000000100000000)
  region size 1024K, 19 young (19456K), 3 survivors (3072K)
 Metaspace       used 60959K, capacity 62650K, committed 62768K, reserved 1103872K
  class space    used 7687K, capacity 8288K, committed 8320K, reserved 1048576K
GC Heap History (20 events):
Event: 11.513 GC heap before
{Heap before GC invocations=20 (full 0):
 garbage-first heap   total 118784K, used 89192K [0x0000000080000000, 0x0000000100000000)
  region size 1024K, 22 young (22528K), 2 survivors (2048K)
 Metaspace       used 45900K, capacity 47064K, committed 47152K, reserved 1089536K
  class space    used 5741K, capacity 6199K, committed 6272K, reserved 1048576K
}
Event: 11.519 GC heap after
{Heap after GC invocations=21 (full 0):
 garbage-first heap   total 118784K, used 68970K [0x0000000080000000, 0x0000000100000000)
  region size 1024K, 2 young (2048K), 2 survivors (2048K)
 Metaspace       used 45900K, capacity 47064K, committed 47152K, reserved 1089536K
  class space    used 5741K, capacity 6199K, committed 6272K, reserved 1048576K
}
Event: 11.941 GC heap before
{Heap before GC invocations=21 (full 0):
 garbage-first heap   total 118784K, used 90474K [0x0000000080000000, 0x0000000100000000)
  region size 1024K, 23 young (23552K), 2 survivors (2048K)
 Metaspace       used 46996K, capacity 48285K, committed 48304K, reserved 1091584K
  class space    used 5923K, capacity 6392K, committed 6400K, reserved 1048576K
}
Event: 11.964 GC heap after
{Heap after GC invocations=22 (full 0):
 garbage-first heap   total 118784K, used 70400K [0x0000000080000000, 0x0000000100000000)
  region size 1024K, 2 young (2048K), 2 survivors (2048K)
 Metaspace       used 46996K, capacity 48285K, committed 48304K, reserved 1091584K
  class space    used 5923K, capacity 6392K, committed 6400K, reserved 1048576K
}
Event: 12.245 GC heap before
{Heap before GC invocations=23 (full 0):
 garbage-first heap   total 118784K, used 74496K [0x0000000080000000, 0x0000000100000000)
  region size 1024K, 7 young (7168K), 2 survivors (2048K)
 Metaspace       used 47355K, capacity 48721K, committed 48944K, reserved 1091584K
  class space    used 5988K, capacity 6495K, committed 6528K, reserved 1048576K
}
Event: 12.255 GC heap after
{Heap after GC invocations=24 (full 0):
 garbage-first heap   total 143360K, used 70677K [0x0000000080000000, 0x0000000100000000)
  region size 1024K, 2 young (2048K), 2 survivors (2048K)
 Metaspace       used 47355K, capacity 48721K, committed 48944K, reserved 1091584K
  class space    used 5988K, capacity 6495K, committed 6528K, reserved 1048576K
}
Event: 13.801 GC heap before
{Heap before GC invocations=25 (full 0):
 garbage-first heap   total 143360K, used 106517K [0x0000000080000000, 0x0000000100000000)
  region size 1024K, 32 young (32768K), 2 survivors (2048K)
 Metaspace       used 49439K, capacity 50996K, committed 51120K, reserved 1093632K
  class space    used 6336K, capacity 6891K, committed 6912K, reserved 1048576K
}
Event: 13.808 GC heap after
{Heap after GC invocations=26 (full 0):
 garbage-first heap   total 143360K, used 78017K [0x0000000080000000, 0x0000000100000000)
  region size 1024K, 4 young (4096K), 4 survivors (4096K)
 Metaspace       used 49439K, capacity 50996K, committed 51120K, reserved 1093632K
  class space    used 6336K, capacity 6891K, committed 6912K, reserved 1048576K
}
Event: 15.677 GC heap before
{Heap before GC invocations=26 (full 0):
 garbage-first heap   total 143360K, used 107713K [0x0000000080000000, 0x0000000100000000)
  region size 1024K, 33 young (33792K), 4 survivors (4096K)
 Metaspace       used 51035K, capacity 52568K, committed 52912K, reserved 1095680K
  class space    used 6513K, capacity 7068K, committed 7168K, reserved 1048576K
}
Event: 15.690 GC heap after
{Heap after GC invocations=27 (full 0):
 garbage-first heap   total 143360K, used 79800K [0x0000000080000000, 0x0000000100000000)
  region size 1024K, 5 young (5120K), 5 survivors (5120K)
 Metaspace       used 51035K, capacity 52568K, committed 52912K, reserved 1095680K
  class space    used 6513K, capacity 7068K, committed 7168K, reserved 1048576K
}
Event: 16.140 GC heap before
{Heap before GC invocations=28 (full 0):
 garbage-first heap   total 143360K, used 97208K [0x0000000080000000, 0x0000000100000000)
  region size 1024K, 24 young (24576K), 5 survivors (5120K)
 Metaspace       used 51315K, capacity 52899K, committed 53168K, reserved 1095680K
  class space    used 6524K, capacity 7108K, committed 7168K, reserved 1048576K
}
Event: 16.150 GC heap after
{Heap after GC invocations=29 (full 0):
 garbage-first heap   total 143360K, used 82077K [0x0000000080000000, 0x0000000100000000)
  region size 1024K, 5 young (5120K), 5 survivors (5120K)
 Metaspace       used 51315K, capacity 52899K, committed 53168K, reserved 1095680K
  class space    used 6524K, capacity 7108K, committed 7168K, reserved 1048576K
}
Event: 16.358 GC heap before
{Heap before GC invocations=30 (full 0):
 garbage-first heap   total 143360K, used 89245K [0x0000000080000000, 0x0000000100000000)
  region size 1024K, 10 young (10240K), 5 survivors (5120K)
 Metaspace       used 51350K, capacity 52988K, committed 53168K, reserved 1095680K
  class space    used 6530K, capacity 7115K, committed 7168K, reserved 1048576K
}
Event: 16.371 GC heap after
{Heap after GC invocations=31 (full 0):
 garbage-first heap   total 172032K, used 88010K [0x0000000080000000, 0x0000000100000000)
  region size 1024K, 5 young (5120K), 5 survivors (5120K)
 Metaspace       used 51350K, capacity 52988K, committed 53168K, reserved 1095680K
  class space    used 6530K, capacity 7115K, committed 7168K, reserved 1048576K
}
Event: 16.578 GC heap before
{Heap before GC invocations=32 (full 0):
 garbage-first heap   total 172032K, used 99274K [0x0000000080000000, 0x0000000100000000)
  region size 1024K, 13 young (13312K), 5 survivors (5120K)
 Metaspace       used 51350K, capacity 52988K, committed 53168K, reserved 1095680K
  class space    used 6530K, capacity 7115K, committed 7168K, reserved 1048576K
}
Event: 16.594 GC heap after
{Heap after GC invocations=33 (full 0):
 garbage-first heap   total 172032K, used 95407K [0x0000000080000000, 0x0000000100000000)
  region size 1024K, 6 young (6144K), 6 survivors (6144K)
 Metaspace       used 51350K, capacity 52988K, committed 53168K, reserved 1095680K
  class space    used 6530K, capacity 7115K, committed 7168K, reserved 1048576K
}
Event: 17.737 GC heap before
{Heap before GC invocations=34 (full 0):
 garbage-first heap   total 172032K, used 128175K [0x0000000080000000, 0x0000000100000000)
  region size 1024K, 36 young (36864K), 6 survivors (6144K)
 Metaspace       used 54835K, capacity 56461K, committed 56624K, reserved 1097728K
  class space    used 6960K, capacity 7549K, committed 7552K, reserved 1048576K
}
Event: 17.744 GC heap after
{Heap after GC invocations=35 (full 0):
 garbage-first heap   total 172032K, used 99023K [0x0000000080000000, 0x0000000100000000)
  region size 1024K, 5 young (5120K), 5 survivors (5120K)
 Metaspace       used 54835K, capacity 56461K, committed 56624K, reserved 1097728K
  class space    used 6960K, capacity 7549K, committed 7552K, reserved 1048576K
}
Event: 18.806 GC heap before
{Heap before GC invocations=35 (full 0):
 garbage-first heap   total 172032K, used 129743K [0x0000000080000000, 0x0000000100000000)
  region size 1024K, 35 young (35840K), 5 survivors (5120K)
 Metaspace       used 59257K, capacity 60960K, committed 61104K, reserved 1101824K
  class space    used 7458K, capacity 8090K, committed 8192K, reserved 1048576K
}
Event: 18.813 GC heap after
{Heap after GC invocations=36 (full 0):
 garbage-first heap   total 172032K, used 100515K [0x0000000080000000, 0x0000000100000000)
  region size 1024K, 3 young (3072K), 3 survivors (3072K)
 Metaspace       used 59257K, capacity 60960K, committed 61104K, reserved 1101824K
  class space    used 7458K, capacity 8090K, committed 8192K, reserved 1048576K
}

