# JRE version: OpenJDK Runtime Environment (11.0.13) (build 11.0.13+0-b1751.21-8125866)
# Java VM: OpenJDK 64-Bit Server VM (11.0.13+0-b1751.21-8125866, mixed mode, tiered, compressed oops, g1 gc, windows-amd64)
Heap:
 garbage-first heap   total 172032K, used 103129K [0x0000000080000000, 0x0000000100000000)
  region size 1024K, 1 young (1024K), 1 survivors (1024K)
 Metaspace       used 65743K, capacity 67434K, committed 67760K, reserved 1107968K
  class space    used 8259K, capacity 8877K, committed 8960K, reserved 1048576K
GC Heap History (20 events):
Event: 27.981 GC heap after
{Heap after GC invocations=35 (full 0):
 garbage-first heap   total 118784K, used 79668K [0x0000000080000000, 0x0000000100000000)
  region size 1024K, 1 young (1024K), 1 survivors (1024K)
 Metaspace       used 51694K, capacity 53182K, committed 53424K, reserved 1095680K
  class space    used 6550K, capacity 7053K, committed 7168K, reserved 1048576K
}
Event: 28.205 GC heap before
{Heap before GC invocations=36 (full 0):
 garbage-first heap   total 118784K, used 85812K [0x0000000080000000, 0x0000000100000000)
  region size 1024K, 6 young (6144K), 1 survivors (1024K)
 Metaspace       used 51737K, capacity 53272K, committed 53424K, reserved 1095680K
  class space    used 6555K, capacity 7060K, committed 7168K, reserved 1048576K
}
Event: 28.213 GC heap after
{Heap after GC invocations=37 (full 0):
 garbage-first heap   total 143360K, used 85365K [0x0000000080000000, 0x0000000100000000)
  region size 1024K, 2 young (2048K), 2 survivors (2048K)
 Metaspace       used 51737K, capacity 53272K, committed 53424K, reserved 1095680K
  class space    used 6555K, capacity 7060K, committed 7168K, reserved 1048576K
}
Event: 28.657 GC heap before
{Heap before GC invocations=38 (full 0):
 garbage-first heap   total 143360K, used 108917K [0x0000000080000000, 0x0000000100000000)
  region size 1024K, 19 young (19456K), 2 survivors (2048K)
 Metaspace       used 52806K, capacity 54283K, committed 54576K, reserved 1097728K
  class space    used 6683K, capacity 7185K, committed 7296K, reserved 1048576K
}
Event: 28.661 GC heap after
{Heap after GC invocations=39 (full 0):
 garbage-first heap   total 143360K, used 95068K [0x0000000080000000, 0x0000000100000000)
  region size 1024K, 3 young (3072K), 3 survivors (3072K)
 Metaspace       used 52806K, capacity 54283K, committed 54576K, reserved 1097728K
  class space    used 6683K, capacity 7185K, committed 7296K, reserved 1048576K
}
Event: 28.901 GC heap before
{Heap before GC invocations=39 (full 0):
 garbage-first heap   total 143360K, used 99164K [0x0000000080000000, 0x0000000100000000)
  region size 1024K, 7 young (7168K), 3 survivors (3072K)
 Metaspace       used 53278K, capacity 54840K, committed 55088K, reserved 1097728K
  class space    used 6752K, capacity 7287K, committed 7296K, reserved 1048576K
}
Event: 28.915 GC heap after
{Heap after GC invocations=40 (full 0):
 garbage-first heap   total 143360K, used 94338K [0x0000000080000000, 0x0000000100000000)
  region size 1024K, 1 young (1024K), 1 survivors (1024K)
 Metaspace       used 53278K, capacity 54840K, committed 55088K, reserved 1097728K
  class space    used 6752K, capacity 7287K, committed 7296K, reserved 1048576K
}
Event: 29.963 GC heap before
{Heap before GC invocations=40 (full 0):
 garbage-first heap   total 143360K, used 109698K [0x0000000080000000, 0x0000000100000000)
  region size 1024K, 16 young (16384K), 1 survivors (1024K)
 Metaspace       used 55199K, capacity 56780K, committed 56880K, reserved 1099776K
  class space    used 6981K, capacity 7524K, committed 7552K, reserved 1048576K
}
Event: 29.968 GC heap after
{Heap after GC invocations=41 (full 0):
 garbage-first heap   total 143360K, used 94839K [0x0000000080000000, 0x0000000100000000)
  region size 1024K, 1 young (1024K), 1 survivors (1024K)
 Metaspace       used 55199K, capacity 56780K, committed 56880K, reserved 1099776K
  class space    used 6981K, capacity 7524K, committed 7552K, reserved 1048576K
}
Event: 31.239 GC heap before
{Heap before GC invocations=42 (full 0):
 garbage-first heap   total 143360K, used 111223K [0x0000000080000000, 0x0000000100000000)
  region size 1024K, 17 young (17408K), 1 survivors (1024K)
 Metaspace       used 57257K, capacity 58869K, committed 59056K, reserved 1099776K
  class space    used 7278K, capacity 7861K, committed 7936K, reserved 1048576K
}
Event: 31.243 GC heap after
{Heap after GC invocations=43 (full 0):
 garbage-first heap   total 143360K, used 95476K [0x0000000080000000, 0x0000000100000000)
  region size 1024K, 2 young (2048K), 2 survivors (2048K)
 Metaspace       used 57257K, capacity 58869K, committed 59056K, reserved 1099776K
  class space    used 7278K, capacity 7861K, committed 7936K, reserved 1048576K
}
Event: 31.896 GC heap before
{Heap before GC invocations=43 (full 0):
 garbage-first heap   total 143360K, used 111860K [0x0000000080000000, 0x0000000100000000)
  region size 1024K, 19 young (19456K), 2 survivors (2048K)
 Metaspace       used 60182K, capacity 61838K, committed 62128K, reserved 1103872K
  class space    used 7541K, capacity 8126K, committed 8192K, reserved 1048576K
}
Event: 31.901 GC heap after
{Heap after GC invocations=44 (full 0):
 garbage-first heap   total 143360K, used 96072K [0x0000000080000000, 0x0000000100000000)
  region size 1024K, 2 young (2048K), 2 survivors (2048K)
 Metaspace       used 60182K, capacity 61838K, committed 62128K, reserved 1103872K
  class space    used 7541K, capacity 8126K, committed 8192K, reserved 1048576K
}
Event: 32.604 GC heap before
{Heap before GC invocations=45 (full 0):
 garbage-first heap   total 143360K, used 114504K [0x0000000080000000, 0x0000000100000000)
  region size 1024K, 20 young (20480K), 2 survivors (2048K)
 Metaspace       used 62738K, capacity 64499K, committed 64560K, reserved 1105920K
  class space    used 7903K, capacity 8521K, committed 8576K, reserved 1048576K
}
Event: 32.610 GC heap after
{Heap after GC invocations=46 (full 0):
 garbage-first heap   total 143360K, used 97000K [0x0000000080000000, 0x0000000100000000)
  region size 1024K, 3 young (3072K), 3 survivors (3072K)
 Metaspace       used 62738K, capacity 64499K, committed 64560K, reserved 1105920K
  class space    used 7903K, capacity 8521K, committed 8576K, reserved 1048576K
}
Event: 32.956 GC heap before
{Heap before GC invocations=46 (full 0):
 garbage-first heap   total 143360K, used 104168K [0x0000000080000000, 0x0000000100000000)
  region size 1024K, 12 young (12288K), 3 survivors (3072K)
 Metaspace       used 64443K, capacity 66134K, committed 66224K, reserved 1107968K
  class space    used 8088K, capacity 8682K, committed 8704K, reserved 1048576K
}
Event: 32.966 GC heap after
{Heap after GC invocations=47 (full 0):
 garbage-first heap   total 143360K, used 98555K [0x0000000080000000, 0x0000000100000000)
  region size 1024K, 3 young (3072K), 3 survivors (3072K)
 Metaspace       used 64443K, capacity 66134K, committed 66224K, reserved 1107968K
  class space    used 8088K, capacity 8682K, committed 8704K, reserved 1048576K
}
Event: 33.187 GC heap before
{Heap before GC invocations=48 (full 0):
 garbage-first heap   total 143360K, used 115963K [0x0000000080000000, 0x0000000100000000)
  region size 1024K, 17 young (17408K), 3 survivors (3072K)
 Metaspace       used 64447K, capacity 66140K, committed 66224K, reserved 1107968K
  class space    used 8089K, capacity 8683K, committed 8704K, reserved 1048576K
}
Event: 33.198 GC heap after
{Heap after GC invocations=49 (full 0):
 garbage-first heap   total 143360K, used 105060K [0x0000000080000000, 0x0000000100000000)
  region size 1024K, 3 young (3072K), 3 survivors (3072K)
 Metaspace       used 64447K, capacity 66140K, committed 66224K, reserved 1107968K
  class space    used 8089K, capacity 8683K, committed 8704K, reserved 1048576K
}
Event: 33.824 GC heap before
{Heap before GC invocations=50 (full 0):
 garbage-first heap   total 143360K, used 121444K [0x0000000080000000, 0x0000000100000000)
  region size 1024K, 17 young (17408K), 3 survivors (3072K)
 Metaspace       used 65743K, capacity 67434K, committed 67760K, reserved 1107968K
  class space    used 8259K, capacity 8877K, committed 8960K, reserved 1048576K
}

